<?xml version="1.0" encoding="UTF-8"?>
<!-- Generated by org.testng.reporters.JUnitReportReporter -->
<testsuite hostname="DESKTOP-U3SNJL3" failures="0" tests="7" name="learningTestNG.InvocationCountFlag" time="0.029" errors="0" timestamp="12 Mar 2024 14:03:48 GMT" skipped="0">
  <testcase classname="learningTestNG.InvocationCountFlag" name="login" time="0.013"/>
  <testcase classname="learningTestNG.InvocationCountFlag" name="addToCart" time="0.001"/>
  <testcase classname="learningTestNG.InvocationCountFlag" name="addToCart" time="0.003"/>
  <testcase classname="learningTestNG.InvocationCountFlag" name="addToCart" time="0.003"/>
  <testcase classname="learningTestNG.InvocationCountFlag" name="addToCart" time="0.002"/>
  <testcase classname="learningTestNG.InvocationCountFlag" name="addToCart" time="0.003"/>
  <testcase classname="learningTestNG.InvocationCountFlag" name="logout" time="0.004"/>
</testsuite> <!-- learningTestNG.InvocationCountFlag -->
