<?xml version="1.0" encoding="UTF-8"?>
<!-- Generated by org.testng.reporters.JUnitReportReporter -->
<testsuite hostname="DESKTOP-U3SNJL3" failures="0" tests="1" name="testNGListeners.ValidLogin" time="14.619" errors="0" timestamp="16 Mar 2024 13:31:00 GMT" skipped="0">
  <testcase classname="testNGListeners.ValidLogin" name="login" time="14.619"/>
</testsuite> <!-- testNGListeners.ValidLogin -->
