<?xml version="1.0" encoding="UTF-8"?>
<!-- Generated by org.testng.reporters.JUnitReportReporter -->
<testsuite hostname="DESKTOP-U3SNJL3" failures="0" tests="3" name="learningTestNG.EnabledFlag" time="0.025" errors="0" timestamp="12 Mar 2024 13:59:14 GMT" skipped="1">
  <testcase classname="learningTestNG.EnabledFlag" name="logout" time="0.007"/>
  <testcase classname="learningTestNG.EnabledFlag" name="login" time="0.018"/>
  <testcase classname="learningTestNG.EnabledFlag" name="addToCart">
    <skipped/>
  </testcase> <!-- addToCart -->
</testsuite> <!-- learningTestNG.EnabledFlag -->
