<?xml version="1.0" encoding="UTF-8"?>
<!-- Generated by org.testng.reporters.JUnitReportReporter -->
<testsuite hostname="DESKTOP-U3SNJL3" failures="0" tests="2" name="testNGExecution.Sumo" time="19.822" errors="0" timestamp="14 Mar 2024 13:41:49 GMT" skipped="0">
  <testcase classname="testNGExecution.Sumo" name="sumo" time="10.343"/>
  <testcase classname="testNGExecution.Sumo" name="sumo" time="9.479"/>
</testsuite> <!-- testNGExecution.Sumo -->
