<?xml version="1.0" encoding="UTF-8"?>
<!-- Generated by org.testng.reporters.JUnitReportReporter -->
<testsuite hostname="DESKTOP-U3SNJL3" failures="0" tests="2" name="learningTestNG.Annotations" time="0.020" errors="0" timestamp="13 Mar 2024 13:55:32 GMT" skipped="0">
  <testcase classname="learningTestNG.Annotations" name="test1" time="0.015"/>
  <testcase classname="learningTestNG.Annotations" name="test2" time="0.005"/>
</testsuite> <!-- learningTestNG.Annotations -->
