<?xml version="1.0" encoding="UTF-8"?>
<!-- Generated by org.testng.reporters.JUnitReportReporter -->
<testsuite hostname="DESKTOP-U3SNJL3" failures="0" tests="2" name="testNGExecution.Parameterization" time="18.178" errors="0" timestamp="15 Mar 2024 13:44:19 GMT" skipped="0">
  <testcase classname="testNGExecution.Parameterization" name="validLogin" time="10.612"/>
  <testcase classname="testNGExecution.Parameterization" name="validLogin" time="7.566"/>
</testsuite> <!-- testNGExecution.Parameterization -->
