<?xml version="1.0" encoding="UTF-8"?>
<!-- Generated by org.testng.reporters.JUnitReportReporter -->
<testsuite hostname="DESKTOP-U3SNJL3" failures="0" tests="2" name="testNGExecution.Parameterization" time="16.776" errors="0" timestamp="14 Mar 2024 14:25:12 GMT" skipped="0">
  <testcase classname="testNGExecution.Parameterization" name="validLogin" time="7.280"/>
  <testcase classname="testNGExecution.Parameterization" name="validLogin" time="9.496"/>
</testsuite> <!-- testNGExecution.Parameterization -->
