<?xml version="1.0" encoding="UTF-8"?>
<!-- Generated by org.testng.reporters.JUnitReportReporter -->
<testsuite hostname="DESKTOP-U3SNJL3" failures="0" tests="3" name="learningTestNG.FirstTestNGClass" time="0.024" errors="0" timestamp="11 Mar 2024 14:45:38 GMT" skipped="0">
  <testcase classname="learningTestNG.FirstTestNGClass" name="logout" time="0.017"/>
  <testcase classname="learningTestNG.FirstTestNGClass" name="login" time="0.005"/>
  <testcase classname="learningTestNG.FirstTestNGClass" name="addToCart" time="0.002"/>
</testsuite> <!-- learningTestNG.FirstTestNGClass -->
