<?xml version="1.0" encoding="UTF-8"?>
<!-- Generated by org.testng.reporters.JUnitReportReporter -->
<testsuite hostname="DESKTOP-U3SNJL3" failures="0" tests="1" name="testNGExecution.TestNGAssertions" time="8.037" errors="0" timestamp="16 Mar 2024 14:26:33 GMT" skipped="0">
  <testcase classname="testNGExecution.TestNGAssertions" name="validLogin" time="8.037"/>
</testsuite> <!-- testNGExecution.TestNGAssertions -->
