<?xml version="1.0" encoding="UTF-8"?>
<!-- Generated by org.testng.reporters.JUnitReportReporter -->
<testsuite hostname="DESKTOP-U3SNJL3" failures="0" tests="1" name="testNGExecution.Demo" time="11.608" errors="0" timestamp="14 Mar 2024 13:41:49 GMT" skipped="0">
  <testcase classname="testNGExecution.Demo" name="demo" time="11.608"/>
</testsuite> <!-- testNGExecution.Demo -->
