<?xml version="1.0" encoding="UTF-8"?>
<!-- Generated by org.testng.reporters.JUnitReportReporter -->
<testsuite hostname="DESKTOP-U3SNJL3" failures="0" tests="3" name="learningTestNG.DescriptionFlag" time="0.026" errors="0" timestamp="12 Mar 2024 13:54:19 GMT" skipped="0">
  <testcase classname="learningTestNG.DescriptionFlag" name="login" time="0.017"/>
  <testcase classname="learningTestNG.DescriptionFlag" name="addToCart" time="0.006"/>
  <testcase classname="learningTestNG.DescriptionFlag" name="logout" time="0.003"/>
</testsuite> <!-- learningTestNG.DescriptionFlag -->
