<?xml version="1.0" encoding="UTF-8"?>
<!-- Generated by org.testng.reporters.JUnitReportReporter -->
<testsuite hostname="DESKTOP-U3SNJL3" failures="0" tests="1" name="testNGExecution.Remo" time="9.727" errors="0" timestamp="14 Mar 2024 14:53:59 GMT" skipped="0">
  <testcase classname="testNGExecution.Remo" name="remo" time="9.727"/>
</testsuite> <!-- testNGExecution.Remo -->
