<?xml version="1.0" encoding="UTF-8"?>
<!-- Generated by org.testng.reporters.JUnitReportReporter -->
<testsuite hostname="DESKTOP-U3SNJL3" failures="0" tests="1" name="testNGExecution.ActitimeSoftAssert" time="2.940" errors="0" timestamp="18 Mar 2024 13:49:31 GMT" skipped="0">
  <testcase classname="testNGExecution.ActitimeSoftAssert" name="loginMethod" time="2.940"/>
</testsuite> <!-- testNGExecution.ActitimeSoftAssert -->
