<?xml version="1.0" encoding="UTF-8"?>
<!-- Generated by org.testng.reporters.JUnitReportReporter -->
<testsuite hostname="DESKTOP-U3SNJL3" failures="0" tests="1" name="testNGExecution.Demo" time="8.664" errors="0" timestamp="13 Mar 2024 14:43:01 GMT" skipped="0">
  <testcase classname="testNGExecution.Demo" name="demo" time="8.664"/>
</testsuite> <!-- testNGExecution.Demo -->
