<?xml version="1.0" encoding="UTF-8"?>
<!-- Generated by org.testng.reporters.JUnitReportReporter -->
<testsuite hostname="DESKTOP-U3SNJL3" failures="0" tests="1" name="testNGExecution.Remo" time="11.672" errors="0" timestamp="15 Mar 2024 13:23:45 GMT" skipped="0">
  <testcase classname="testNGExecution.Remo" name="remo" time="11.672"/>
</testsuite> <!-- testNGExecution.Remo -->
