<?xml version="1.0" encoding="UTF-8"?>
<!-- Generated by org.testng.reporters.JUnitReportReporter -->
<testsuite hostname="DESKTOP-U3SNJL3" failures="0" tests="5" name="testNGExecution.ToUnderstandDataProvider" time="34.256" errors="0" timestamp="15 Mar 2024 14:01:17 GMT" skipped="0">
  <testcase classname="testNGExecution.ToUnderstandDataProvider" name="loginMethod" time="7.082"/>
  <testcase classname="testNGExecution.ToUnderstandDataProvider" name="loginMethod" time="6.935"/>
  <testcase classname="testNGExecution.ToUnderstandDataProvider" name="loginMethod" time="6.815"/>
  <testcase classname="testNGExecution.ToUnderstandDataProvider" name="loginMethod" time="6.306"/>
  <testcase classname="testNGExecution.ToUnderstandDataProvider" name="loginMethod" time="7.118"/>
</testsuite> <!-- testNGExecution.ToUnderstandDataProvider -->
