<?xml version="1.0" encoding="UTF-8"?>
<!-- Generated by org.testng.reporters.JUnitReportReporter -->
<testsuite hostname="DESKTOP-U3SNJL3" failures="0" tests="3" name="learningTestNG.DependsOnMethodsFlag" time="0.021" errors="0" timestamp="12 Mar 2024 14:14:19 GMT" skipped="0">
  <testcase classname="learningTestNG.DependsOnMethodsFlag" name="logout" time="0.002"/>
  <testcase classname="learningTestNG.DependsOnMethodsFlag" name="login" time="0.013"/>
  <testcase classname="learningTestNG.DependsOnMethodsFlag" name="addToCart" time="0.006"/>
</testsuite> <!-- learningTestNG.DependsOnMethodsFlag -->
