<?xml version="1.0" encoding="UTF-8"?>
<!-- Generated by org.testng.reporters.JUnitReportReporter -->
<testsuite hostname="DESKTOP-U3SNJL3" failures="0" tests="1" name="testPackage.CreateUserManager" time="11.295" errors="0" timestamp="19 Mar 2024 14:23:19 GMT" skipped="0">
  <testcase classname="testPackage.CreateUserManager" name="createUserManagerTC" time="11.295"/>
</testsuite> <!-- testPackage.CreateUserManager -->
