<?xml version="1.0" encoding="UTF-8"?>
<!-- Generated by org.testng.reporters.JUnitReportReporter -->
<testsuite hostname="DESKTOP-U3SNJL3" failures="0" tests="1" name="testPackage.ValidLoginTestCase" time="9.633" errors="0" timestamp="19 Mar 2024 14:23:19 GMT" skipped="0">
  <testcase classname="testPackage.ValidLoginTestCase" name="loginTestCase" time="9.633"/>
</testsuite> <!-- testPackage.ValidLoginTestCase -->
