<?xml version="1.0" encoding="UTF-8"?>
<!-- Generated by org.testng.reporters.JUnitReportReporter -->
<testsuite hostname="DESKTOP-U3SNJL3" failures="0" tests="1" name="testPackage.InvalidLoginTestCase" time="24.924" errors="0" timestamp="19 Mar 2024 14:23:19 GMT" skipped="0">
  <testcase classname="testPackage.InvalidLoginTestCase" name="invalidLoginTC" time="24.924"/>
</testsuite> <!-- testPackage.InvalidLoginTestCase -->
