<?xml version="1.0" encoding="UTF-8"?>
<!-- Generated by org.testng.reporters.JUnitReportReporter -->
<testsuite hostname="DESKTOP-U3SNJL3" failures="0" tests="1" name="testPackage.CreateNewCustomerAndProject" time="15.372" errors="0" timestamp="19 Mar 2024 14:23:19 GMT" skipped="0">
  <testcase classname="testPackage.CreateNewCustomerAndProject" name="createNewCustomerAndProjectTC" time="15.372"/>
</testsuite> <!-- testPackage.CreateNewCustomerAndProject -->
